<?xml version="1.0" encoding="UTF-8"?>
<testng-results ignored="0" total="1" passed="1" failed="0" skipped="0">
  <reporter-output>
  </reporter-output>
  <suite started-at="2024-11-07T22:20:25 IST" name="Default suite" finished-at="2024-11-07T22:20:35 IST" duration-ms="10031">
    <groups>
    </groups>
    <test started-at="2024-11-07T22:20:25 IST" name="Default test" finished-at="2024-11-07T22:20:35 IST" duration-ms="10031">
      <class name="extentReports.AssignmentAmazon">
        <test-method signature="screenshot()[pri:0, instance:extentReports.AssignmentAmazon@46cdf8bd]" started-at="2024-11-07T22:20:25 IST" name="screenshot" finished-at="2024-11-07T22:20:35 IST" duration-ms="9990" status="PASS">
          <reporter-output>
          </reporter-output>
        </test-method> <!-- screenshot -->
      </class> <!-- extentReports.AssignmentAmazon -->
    </test> <!-- Default test -->
  </suite> <!-- Default suite -->
</testng-results>
